

Microchip MPLAB XC8 Assembler V2.46 build 20240104201356 
                                                                                               Wed Apr 29 09:22:33 2026

Microchip MPLAB XC8 C Compiler v2.46 (Free license) build 20240104201356 Og1 
     1                           	processor	18F4550
     2                           	fnconf	rparam,??,?,0
     3                           	pagewidth 120
     4                           	opt	flic
     5                           	psect	cinit,global,reloc=2,class=CODE,delta=1
     6                           	psect	cstackCOMRAM,global,class=COMRAM,space=1,delta=1,lowdata,noexec
     7                           	psect	text0,global,reloc=2,class=CODE,delta=1
     8                           	psect	text1,global,reloc=2,class=CODE,delta=1
     9                           	psect	smallconst,global,reloc=2,class=SMALLCONST,delta=1,noexec
    10                           	psect	intsave_regs,global,class=BIGRAM,space=1,delta=1,noexec
    11                           	psect	rparam,global,class=COMRAM,space=1,delta=1,noexec
    12                           	psect	config,global,abs,ovrld,class=CONFIG,space=4,delta=1,noexec
    13   000000                     
    14                           ; Generated 23/03/2023 GMT
    15                           ; 
    16                           ; Copyright © 2023, Microchip Technology Inc. and its subsidiaries ("Microchip")
    17                           ; All rights reserved.
    18                           ; 
    19                           ; This software is developed by Microchip Technology Inc. and its subsidiaries ("Microch
      +                          ip").
    20                           ; 
    21                           ; Redistribution and use in source and binary forms, with or without modification, are
    22                           ; permitted provided that the following conditions are met:
    23                           ; 
    24                           ;     1. Redistributions of source code must retain the above copyright notice, this lis
      +                          t of
    25                           ;        conditions and the following disclaimer.
    26                           ; 
    27                           ;     2. Redistributions in binary form must reproduce the above copyright notice, this 
      +                          list
    28                           ;        of conditions and the following disclaimer in the documentation and/or other
    29                           ;        materials provided with the distribution. Publication is not required when
    30                           ;        this file is used in an embedded application.
    31                           ; 
    32                           ;     3. Microchip's name may not be used to endorse or promote products derived from th
      +                          is
    33                           ;        software without specific prior written permission.
    34                           ; 
    35                           ; THIS SOFTWARE IS PROVIDED BY MICROCHIP "AS IS" AND ANY EXPRESS OR IMPLIED WARRANTIES,
    36                           ; INCLUDING, BUT NOT LIMITED TO, THE IMPLIED WARRANTIES OF MERCHANTABILITY AND FITNESS F
      +                          OR
    37                           ; PURPOSE ARE DISCLAIMED.  IN NO EVENT SHALL MICROCHIP BE LIABLE FOR ANY DIRECT, INDIREC
      +                          T,
    38                           ; INCIDENTAL, SPECIAL, EXEMPLARY, OR CONSEQUENTIAL DAMAGES (INCLUDING BUT NOT LIMITED TO
    39                           ; PROCUREMENT OF SUBSTITUTE GOODS OR SERVICES; LOSS OF USE, DATA OR PROFITS; OR BUSINESS
    40                           ; INTERRUPTION) HOWSOEVER CAUSED AND ON ANY THEORY OF LIABILITY, WHETHER IN CONTRACT, ST
      +                          RICT
    41                           ; LIABILITY, OR TORT (INCLUDING NEGLIGENCE OR OTHERWISE) ARISING IN ANY WAY OUT OF THE U
      +                          SE OF
    42                           ; THIS SOFTWARE, EVEN IF ADVISED OF THE POSSIBILITY OF SUCH DAMAGE.
    43                           ; 
    44                           ; 
    45                           ; Code-generator required, PIC18F4550 Definitions
    46                           ; 
    47                           ; SFR Addresses
    48   000000                     _LATDbits	set	3980
    49   000000                     _INTCONbits	set	4082
    50   000000                     _TRISAbits	set	3986
    51   000000                     _TRISDbits	set	3989
    52   000000                     _CMCON	set	4020
    53   000000                     _ADCON1	set	4033
    54   000000                     _OSCCONbits	set	4051
    55   000000                     _T0CON	set	4053
    56   000000                     _TRISEbits	set	3990
    57                           
    58                           ; #config settings
    59                           
    60                           	psect	cinit
    61   00088C                     __pcinit:
    62                           	callstack 0
    63   00088C                     start_initialization:
    64                           	callstack 0
    65   00088C                     __initialization:
    66                           	callstack 0
    67   00088C                     end_of_initialization:
    68                           	callstack 0
    69   00088C                     __end_of__initialization:
    70                           	callstack 0
    71   00088C  0100               	movlb	0
    72   00088E  EF01  F004         	goto	_main	;jump to C main() function
    73                           
    74                           	psect	cstackCOMRAM
    75   000001                     __pcstackCOMRAM:
    76                           	callstack 0
    77   000001                     ??_main:
    78                           
    79                           ; 1 bytes @ 0x0
    80   000001                     	ds	1
    81   000002                     main@compteur:
    82                           	callstack 0
    83                           
    84                           ; 2 bytes @ 0x1
    85   000002                     	ds	2
    86                           
    87 ;;
    88 ;;Main: autosize = 0, tempsize = 1, incstack = 0, save=0
    89 ;;
    90 ;; *************** function _main *****************
    91 ;; Defined at:
    92 ;;		line 70 in file "main.c"
    93 ;; Parameters:    Size  Location     Type
    94 ;;		None
    95 ;; Auto vars:     Size  Location     Type
    96 ;;  compteur        2    1[COMRAM] int 
    97 ;; Return value:  Size  Location     Type
    98 ;;                  1    wreg      void 
    99 ;; Registers used:
   100 ;;		wreg, status,2, status,0, cstack
   101 ;; Tracked objects:
   102 ;;		On entry : 0/0
   103 ;;		On exit  : 0/0
   104 ;;		Unchanged: 0/0
   105 ;; Data sizes:     COMRAM   BANK0   BANK1   BANK2   BANK3   BANK4   BANK5   BANK6   BANK7
   106 ;;      Params:         0       0       0       0       0       0       0       0       0
   107 ;;      Locals:         2       0       0       0       0       0       0       0       0
   108 ;;      Temps:          1       0       0       0       0       0       0       0       0
   109 ;;      Totals:         3       0       0       0       0       0       0       0       0
   110 ;;Total ram usage:        3 bytes
   111 ;; Hardware stack levels required when called: 1
   112 ;; This function calls:
   113 ;;		_Init_Hardware
   114 ;; This function is called by:
   115 ;;		Startup code after reset
   116 ;; This function uses a non-reentrant model
   117 ;;
   118                           
   119                           	psect	text0
   120   000802                     __ptext0:
   121                           	callstack 0
   122   000802                     _main:
   123                           	callstack 30
   124   000802                     
   125                           ;main.c: 72:     Init_Hardware();
   126   000802  EC34  F004         	call	_Init_Hardware	;wreg free
   127   000806                     l731:
   128                           
   129                           ;main.c: 75:     int compteur = 0;
   130   000806  0E00               	movlw	0
   131   000808  6E03               	movwf	(main@compteur+1)^0,c
   132   00080A  0E00               	movlw	0
   133   00080C  6E02               	movwf	main@compteur^0,c
   134   00080E                     l733:
   135                           
   136                           ;main.c: 78:     {;main.c: 80:         if (INTCONbits.TMR0IF == 1)
   137   00080E  A4F2               	btfss	242,2,c	;volatile
   138   000810  EF0C  F004         	goto	u11
   139   000814  EF0E  F004         	goto	u10
   140   000818                     u11:
   141   000818  EF07  F004         	goto	l733
   142   00081C                     u10:
   143   00081C                     
   144                           ;main.c: 81:         {;main.c: 83:             INTCONbits.TMR0IF = 0;
   145   00081C  94F2               	bcf	242,2,c	;volatile
   146   00081E                     
   147                           ;main.c: 85:             compteur++;
   148   00081E  4A02               	infsnz	main@compteur^0,f,c
   149   000820  2A03               	incf	(main@compteur+1)^0,f,c
   150   000822                     
   151                           ;main.c: 91:             if(compteur >= 1)
   152   000822  BE03               	btfsc	(main@compteur+1)^0,7,c
   153   000824  EF1C  F004         	goto	u21
   154   000828  5003               	movf	(main@compteur+1)^0,w,c
   155   00082A  E108               	bnz	u20
   156   00082C  0402               	decf	main@compteur^0,w,c
   157   00082E  A0D8               	btfss	status,0,c
   158   000830  EF1C  F004         	goto	u21
   159   000834  EF1E  F004         	goto	u20
   160   000838                     u21:
   161   000838  EF07  F004         	goto	l733
   162   00083C                     u20:
   163   00083C                     
   164                           ;main.c: 92:             {;main.c: 93:                 LATDbits.LATD7 = ~LATDbits.LATD7;
   165   00083C  BE8C               	btfsc	140,7,c	;volatile
   166   00083E  EF23  F004         	goto	u31
   167   000842  EF26  F004         	goto	u30
   168   000846                     u31:
   169   000846  0E01               	movlw	1
   170   000848  EF27  F004         	goto	u36
   171   00084C                     u30:
   172   00084C  0E00               	movlw	0
   173   00084E                     u36:
   174   00084E  0AFF               	xorlw	255
   175   000850  6E01               	movwf	??_main^0,c
   176   000852  3201               	rrcf	??_main^0,f,c
   177   000854  3201               	rrcf	??_main^0,f,c
   178   000856  508C               	movf	140,w,c	;volatile
   179   000858  1801               	xorwf	??_main^0,w,c
   180   00085A  0B7F               	andlw	-129
   181   00085C  1801               	xorwf	??_main^0,w,c
   182   00085E  6E8C               	movwf	140,c	;volatile
   183   000860  EF03  F004         	goto	l731
   184   000864  EF00  F000         	goto	start
   185   000868                     __end_of_main:
   186                           	callstack 0
   187                           
   188 ;; *************** function _Init_Hardware *****************
   189 ;; Defined at:
   190 ;;		line 3 in file "hardware.c"
   191 ;; Parameters:    Size  Location     Type
   192 ;;		None
   193 ;; Auto vars:     Size  Location     Type
   194 ;;		None
   195 ;; Return value:  Size  Location     Type
   196 ;;                  1    wreg      void 
   197 ;; Registers used:
   198 ;;		wreg, status,2
   199 ;; Tracked objects:
   200 ;;		On entry : 0/0
   201 ;;		On exit  : 0/0
   202 ;;		Unchanged: 0/0
   203 ;; Data sizes:     COMRAM   BANK0   BANK1   BANK2   BANK3   BANK4   BANK5   BANK6   BANK7
   204 ;;      Params:         0       0       0       0       0       0       0       0       0
   205 ;;      Locals:         0       0       0       0       0       0       0       0       0
   206 ;;      Temps:          0       0       0       0       0       0       0       0       0
   207 ;;      Totals:         0       0       0       0       0       0       0       0       0
   208 ;;Total ram usage:        0 bytes
   209 ;; Hardware stack levels used: 1
   210 ;; This function calls:
   211 ;;		Nothing
   212 ;; This function is called by:
   213 ;;		_main
   214 ;; This function uses a non-reentrant model
   215 ;;
   216                           
   217                           	psect	text1
   218   000868                     __ptext1:
   219                           	callstack 0
   220   000868                     _Init_Hardware:
   221                           	callstack 30
   222   000868                     
   223                           ;hardware.c: 6:     OSCCONbits.IRCF = 0b111;
   224   000868  0E70               	movlw	112
   225   00086A  12D3               	iorwf	211,f,c	;volatile
   226                           
   227                           ;hardware.c: 7:     OSCCONbits.SCS = 0b00;
   228   00086C  0EFC               	movlw	-4
   229   00086E  16D3               	andwf	211,f,c	;volatile
   230                           
   231                           ;hardware.c: 10:     ADCON1 = 0x0F;
   232   000870  0E0F               	movlw	15
   233   000872  6EC1               	movwf	193,c	;volatile
   234                           
   235                           ;hardware.c: 11:     CMCON = 0x07;
   236   000874  0E07               	movlw	7
   237   000876  6EB4               	movwf	180,c	;volatile
   238   000878                     
   239                           ;hardware.c: 14:     TRISDbits.TRISD7 = 0;
   240   000878  9E95               	bcf	149,7,c	;volatile
   241   00087A                     
   242                           ;hardware.c: 15:     LATDbits.LATD7 = 0;
   243   00087A  9E8C               	bcf	140,7,c	;volatile
   244   00087C                     
   245                           ;hardware.c: 17:     TRISEbits.TRISE1 = 0;
   246   00087C  9296               	bcf	150,1,c	;volatile
   247   00087E                     
   248                           ;hardware.c: 18:     TRISEbits.TRISE0 = 0;
   249   00087E  9096               	bcf	150,0,c	;volatile
   250   000880                     
   251                           ;hardware.c: 19:     TRISAbits.TRISA0 = 0;
   252   000880  9092               	bcf	146,0,c	;volatile
   253   000882                     
   254                           ;hardware.c: 20:     TRISAbits.TRISA1 = 1;
   255   000882  8292               	bsf	146,1,c	;volatile
   256                           
   257                           ;hardware.c: 23:     T0CON = 0b10000111;
   258   000884  0E87               	movlw	135
   259   000886  6ED5               	movwf	213,c	;volatile
   260   000888                     
   261                           ;hardware.c: 24:     INTCONbits.TMR0IF = 0;
   262   000888  94F2               	bcf	242,2,c	;volatile
   263   00088A  0012               	return		;funcret
   264   00088C                     __end_of_Init_Hardware:
   265                           	callstack 0
   266                           
   267                           	psect	smallconst
   268   000800                     __psmallconst:
   269                           	callstack 0
   270   000800  00                 	db	0
   271   000801  00                 	db	0	; dummy byte at the end
   272   000000                     
   273                           	psect	rparam
   274   000000                     
   275                           	psect	config
   276                           
   277                           ;Config register CONFIG1L @ 0x300000
   278                           ;	unspecified, using default values
   279                           ;	PLL Prescaler Selection bits
   280                           ;	PLLDIV = 0x0, unprogrammed default
   281                           ;	System Clock Postscaler Selection bits
   282                           ;	CPUDIV = 0x0, unprogrammed default
   283                           ;	USB Clock Selection bit (used in Full-Speed USB mode only; UCFG:FSEN = 1)
   284                           ;	USBDIV = 0x0, unprogrammed default
   285   300000                     	org	3145728
   286   300000  00                 	db	0
   287                           
   288                           ;Config register CONFIG1H @ 0x300001
   289                           ;	Oscillator Selection bits
   290                           ;	FOSC = INTOSCIO_EC, Internal oscillator, port function on RA6, EC used by USB (INTIO)
   291                           ;	Fail-Safe Clock Monitor Enable bit
   292                           ;	FCMEN = OFF, Fail-Safe Clock Monitor disabled
   293                           ;	Internal/External Oscillator Switchover bit
   294                           ;	IESO = OFF, Oscillator Switchover mode disabled
   295   300001                     	org	3145729
   296   300001  08                 	db	8
   297                           
   298                           ;Config register CONFIG2L @ 0x300002
   299                           ;	Power-up Timer Enable bit
   300                           ;	PWRT = ON, PWRT enabled
   301                           ;	Brown-out Reset Enable bits
   302                           ;	BOR = ON, Brown-out Reset enabled in hardware only (SBOREN is disabled)
   303                           ;	Brown-out Reset Voltage bits
   304                           ;	BORV = 3, Minimum setting 2.05V
   305                           ;	USB Voltage Regulator Enable bit
   306                           ;	VREGEN = OFF, USB voltage regulator disabled
   307   300002                     	org	3145730
   308   300002  1E                 	db	30
   309                           
   310                           ;Config register CONFIG2H @ 0x300003
   311                           ;	Watchdog Timer Enable bit
   312                           ;	WDT = OFF, WDT disabled (control is placed on the SWDTEN bit)
   313                           ;	Watchdog Timer Postscale Select bits
   314                           ;	WDTPS = 0xF, unprogrammed default
   315   300003                     	org	3145731
   316   300003  1E                 	db	30
   317                           
   318                           ; Padding undefined space
   319   300004                     	org	3145732
   320   300004  FF                 	db	255
   321                           
   322                           ;Config register CONFIG3H @ 0x300005
   323                           ;	CCP2 MUX bit
   324                           ;	CCP2MX = ON, CCP2 input/output is multiplexed with RC1
   325                           ;	PORTB A/D Enable bit
   326                           ;	PBADEN = OFF, PORTB<4:0> pins are configured as digital I/O on Reset
   327                           ;	Low-Power Timer 1 Oscillator Enable bit
   328                           ;	LPT1OSC = OFF, Timer1 configured for higher power operation
   329                           ;	MCLR Pin Enable bit
   330                           ;	MCLRE = ON, MCLR pin enabled; RE3 input pin disabled
   331   300005                     	org	3145733
   332   300005  81                 	db	129
   333                           
   334                           ;Config register CONFIG4L @ 0x300006
   335                           ;	Stack Full/Underflow Reset Enable bit
   336                           ;	STVREN = ON, Stack full/underflow will cause Reset
   337                           ;	Single-Supply ICSP Enable bit
   338                           ;	LVP = OFF, Single-Supply ICSP disabled
   339                           ;	Dedicated In-Circuit Debug/Programming Port (ICPORT) Enable bit
   340                           ;	ICPRT = OFF, ICPORT disabled
   341                           ;	Extended Instruction Set Enable bit
   342                           ;	XINST = OFF, Instruction set extension and Indexed Addressing mode disabled (Legacy mo
      +                          de)
   343                           ;	Background Debugger Enable bit
   344                           ;	DEBUG = 0x1, unprogrammed default
   345   300006                     	org	3145734
   346   300006  81                 	db	129
   347                           
   348                           ; Padding undefined space
   349   300007                     	org	3145735
   350   300007  FF                 	db	255
   351                           tosu	equ	0xFFF
   352                           tosh	equ	0xFFE
   353                           tosl	equ	0xFFD
   354                           stkptr	equ	0xFFC
   355                           pclatu	equ	0xFFB
   356                           pclath	equ	0xFFA
   357                           pcl	equ	0xFF9
   358                           tblptru	equ	0xFF8
   359                           tblptrh	equ	0xFF7
   360                           tblptrl	equ	0xFF6
   361                           tablat	equ	0xFF5
   362                           prodh	equ	0xFF4
   363                           prodl	equ	0xFF3
   364                           indf0	equ	0xFEF
   365                           postinc0	equ	0xFEE
   366                           postdec0	equ	0xFED
   367                           preinc0	equ	0xFEC
   368                           plusw0	equ	0xFEB
   369                           fsr0h	equ	0xFEA
   370                           fsr0l	equ	0xFE9
   371                           wreg	equ	0xFE8
   372                           indf1	equ	0xFE7
   373                           postinc1	equ	0xFE6
   374                           postdec1	equ	0xFE5
   375                           preinc1	equ	0xFE4
   376                           plusw1	equ	0xFE3
   377                           fsr1h	equ	0xFE2
   378                           fsr1l	equ	0xFE1
   379                           bsr	equ	0xFE0
   380                           indf2	equ	0xFDF
   381                           postinc2	equ	0xFDE
   382                           postdec2	equ	0xFDD
   383                           preinc2	equ	0xFDC
   384                           plusw2	equ	0xFDB
   385                           fsr2h	equ	0xFDA
   386                           fsr2l	equ	0xFD9
   387                           status	equ	0xFD8

Data Sizes:
    Strings     0
    Constant    0
    Data        0
    BSS         0
    Persistent  0
    Stack       0

Auto Spaces:
    Space          Size  Autos    Used
    COMRAM           95      3       3
    BANK0           160      0       0
    BANK1           256      0       0
    BANK2           256      0       0
    BANK3           256      0       0
    BANK4           256      0       0
    BANK5           256      0       0
    BANK6           256      0       0
    BANK7           256      0       0

Pointer List with Targets:

    None.

Critical Paths under _main in COMRAM

    None.

Critical Paths under _main in BANK0

    None.

Critical Paths under _main in BANK1

    None.

Critical Paths under _main in BANK2

    None.

Critical Paths under _main in BANK3

    None.

Critical Paths under _main in BANK4

    None.

Critical Paths under _main in BANK5

    None.

Critical Paths under _main in BANK6

    None.

Critical Paths under _main in BANK7

    None.

Call Graph Tables:

 ---------------------------------------------------------------------------------
 (Depth) Function   	        Calls       Base Space   Used Autos Params    Refs
 ---------------------------------------------------------------------------------
 (0) _main                                                 3     3      0      15
                                              0 COMRAM     3     3      0
                      _Init_Hardware
 ---------------------------------------------------------------------------------
 (1) _Init_Hardware                                        0     0      0       0
 ---------------------------------------------------------------------------------
 Estimated maximum stack depth 1
 ---------------------------------------------------------------------------------

 Call Graph Graphs:

 _main (ROOT)
   _Init_Hardware

 Address spaces:
Name               Size   Autos  Total    Cost      Usage
BITCOMRAM           5F      0       0       0        0.0%
EEDATA             100      0       0       0        0.0%
NULL                 0      0       0       0        0.0%
CODE                 0      0       0       0        0.0%
COMRAM              5F      3       3       1        3.2%
STACK                0      0       0       2        0.0%
DATA                 0      0       0       3        0.0%
BITBANK0            A0      0       0       4        0.0%
BANK0               A0      0       0       5        0.0%
BITBANK1           100      0       0       6        0.0%
BANK1              100      0       0       7        0.0%
BITBANK2           100      0       0       8        0.0%
BANK2              100      0       0       9        0.0%
BITBANK3           100      0       0      10        0.0%
BANK3              100      0       0      11        0.0%
BITBANK4           100      0       0      12        0.0%
BANK4              100      0       0      13        0.0%
BITBANK5           100      0       0      14        0.0%
BANK5              100      0       0      15        0.0%
BITBANK6           100      0       0      16        0.0%
BANK6              100      0       0      17        0.0%
BITBANK7           100      0       0      18        0.0%
BANK7              100      0       0      19        0.0%
BITBIGSFRh           D      0       0      20        0.0%
BITBIGSFRlhhh       1C      0       0      21        0.0%
BITBIGSFRlhhl        1      0       0      22        0.0%
BITBIGSFRlhlh       11      0       0      23        0.0%
BITBIGSFRlhllh       C      0       0      24        0.0%
BITBIGSFRlhlllh     1D      0       0      25        0.0%
BITBIGSFRlhllll      2      0       0      26        0.0%
BITBIGSFRlhllll      5      0       0      27        0.0%
BITBIGSFRll         2C      0       0      28        0.0%
ABS                  0      0       0      29        0.0%
BIGRAM             7FF      0       0      30        0.0%
BIGSFR               0      0       0     200        0.0%
BITSFR               0      0       0     200        0.0%
SFR                  0      0       0     200        0.0%


Microchip Technology PIC18 Macro Assembler V2.46 build 20240104201356 
Symbol Table                                                                                   Wed Apr 29 09:22:33 2026

                     l37 088A                       u10 081C                       u11 0818  
                     u20 083C                       u21 0838                       u30 084C  
                     u31 0846                       u36 084E                      l721 087E  
                    l713 0868                      l723 0880                      l715 0878  
                    l731 0806                      l725 0882                      l717 087A  
                    l741 083C                      l733 080E                      l727 0888  
                    l719 087C                      l735 081C                      l737 081E  
                    l729 0802                      l739 0822                     _main 0802  
                   start 0000            _Init_Hardware 0868             ___param_bank 0000  
                  ?_main 0001             main@compteur 0002                    _CMCON 0FB4  
                  _T0CON 0FD5                    status 0FD8           ?_Init_Hardware 0001  
        __initialization 088C             __end_of_main 0868                   ??_main 0001  
          __activetblptr 0000                   _ADCON1 0FC1                   isa$std 0001  
           __mediumconst 0000               __accesstop 0060  __end_of__initialization 088C  
        ??_Init_Hardware 0001            ___rparam_used 0001           __pcstackCOMRAM 0001  
                __Hparam 0000                  __Lparam 0000             __psmallconst 0800  
                __pcinit 088C                  __ramtop 0800                  __ptext0 0802  
                __ptext1 0868     end_of_initialization 088C                _TRISAbits 0F92  
              _TRISDbits 0F95                _TRISEbits 0F96      start_initialization 088C  
  __end_of_Init_Hardware 088C              __smallconst 0800                 _LATDbits 0F8C  
               __Hrparam 0000                 __Lrparam 0000                 isa$xinst 0000  
             _INTCONbits 0FF2               _OSCCONbits 0FD3  
